<?xml version="1.0" encoding="utf-8"?><testsuites name="pytest tests"><testsuite name="pytest" errors="0" failures="0" skipped="0" tests="5" time="0.995" timestamp="2026-09-14T07:34:37.522530+00:00" hostname="agent-env-5aac2620-dbeb-49de-a957-5cb181e9ecb4"><testcase classname="tests.test_inquiries" name="test_root" time="0.280" /><testcase classname="tests.test_inquiries" name="test_create_inquiry_and_persist" time="0.137" /><testcase classname="tests.test_inquiries" name="test_create_inquiry_empty_name" time="0.060" /><testcase classname="tests.test_inquiries" name="test_create_inquiry_empty_contact" time="0.054" /><testcase classname="tests.test_inquiries" name="test_create_inquiry_missing_field" time="0.056" /></testsuite></testsuites>